-------------------------------------------------------------------------------
Test set: com.ntn.testcase.AddUserServicesTester
-------------------------------------------------------------------------------
Tests run: 1, Failures: 1, Errors: 0, Skipped: 0, Time elapsed: 1.269 s <<< FAILURE! - in com.ntn.testcase.AddUserServicesTester
testApostropheInUsername  Time elapsed: 1.266 s  <<< FAILURE!
org.opentest4j.AssertionFailedError: expected: <Tên đăng kí không được chứa nháy đơn> but was: <SUCCESS>
	at com.ntn.eventmanagement/com.ntn.testcase.AddUserServicesTester.testApostropheInUsername(AddUserServicesTester.java:300)

