-------------------------------------------------------------------------------
Test set: com.ntn.testcase.AddUserServicesTester
-------------------------------------------------------------------------------
Tests run: 41, Failures: 7, Errors: 0, Skipped: 0, Time elapsed: 4.076 s <<< FAILURE! - in com.ntn.testcase.AddUserServicesTester
testSQLInjectionFromUsername  Time elapsed: 1.653 s  <<< FAILURE!
org.opentest4j.AssertionFailedError: expected: <Đăng kí thất bại> but was: <SUCCESS>
	at com.ntn.eventmanagement/com.ntn.testcase.AddUserServicesTester.testSQLInjectionFromUsername(AddUserServicesTester.java:216)

testApostropheInUsername  Time elapsed: 0.208 s  <<< FAILURE!
org.opentest4j.AssertionFailedError: expected: <Tên đăng kí không được chứa nháy đơn> but was: <SUCCESS>
	at com.ntn.eventmanagement/com.ntn.testcase.AddUserServicesTester.testApostropheInUsername(AddUserServicesTester.java:297)

testMultipleRegistrationsSameIP  Time elapsed: 1.015 s  <<< FAILURE!
org.opentest4j.AssertionFailedError: expected: <Bạn đã đăng ký quá số lần cho phép từ IP này> but was: <SUCCESS>
	at com.ntn.eventmanagement/com.ntn.testcase.AddUserServicesTester.testMultipleRegistrationsSameIP(AddUserServicesTester.java:242)

testLongUsername  Time elapsed: 0.155 s  <<< FAILURE!
org.opentest4j.AssertionFailedError: expected: <Username quá dài> but was: <SUCCESS>
	at com.ntn.eventmanagement/com.ntn.testcase.AddUserServicesTester.testLongUsername(AddUserServicesTester.java:265)

testInvalidEmails{String}[5]  Time elapsed: 0.186 s  <<< FAILURE!
org.opentest4j.AssertionFailedError: expected: <Sai định dạng email.. EX: example@gmail.com> but was: <Đăng kí thất bại>
	at com.ntn.eventmanagement/com.ntn.testcase.AddUserServicesTester.testInvalidEmails(AddUserServicesTester.java:121)

testInvalidEmails{String}[10]  Time elapsed: 0.176 s  <<< FAILURE!
org.opentest4j.AssertionFailedError: expected: <Sai định dạng email.. EX: example@gmail.com> but was: <Đăng kí thất bại>
	at com.ntn.eventmanagement/com.ntn.testcase.AddUserServicesTester.testInvalidEmails(AddUserServicesTester.java:121)

testInvalidPhoneNumbers{String}[1]  Time elapsed: 0.162 s  <<< FAILURE!
org.opentest4j.AssertionFailedError: expected: <Sai định dạng sdt ... EX: +8401010, 098.... gồm 9-15 kí tự> but was: <Đăng kí thất bại>
	at com.ntn.eventmanagement/com.ntn.testcase.AddUserServicesTester.testInvalidPhoneNumbers(AddUserServicesTester.java:151)

