-------------------------------------------------------------------------------
Test set: com.ntn.testcase.LoginServicesTest
-------------------------------------------------------------------------------
Tests run: 18, Failures: 3, Errors: 1, Skipped: 0, Time elapsed: 5.249 s <<< FAILURE! -- in com.ntn.testcase.LoginServicesTest
com.ntn.testcase.LoginServicesTest.testUserNameStartEndSpace -- Time elapsed: 0.007 s <<< ERROR!
org.mockito.exceptions.misusing.PotentialStubbingProblem: 

Strict stubbing argument mismatch. Please check:
 - this invocation of 'getUserByUsername' method:
    userServices.getUserByUsername("  abc  ");
    -> at com.ntn.eventmanagement/com.ntn.services.LoginServices.login(LoginServices.java:37)
 - has following stubbing(s) with different arguments:
    1. userServices.getUserByUsername("abc");
      -> at com.ntn.eventmanagement/com.ntn.testcase.LoginServicesTest.testUserNameStartEndSpace(LoginServicesTest.java:148)
Typically, stubbing argument mismatch indicates user mistake when writing tests.
Mockito fails early so that you can debug potential problem easily.
However, there are legit scenarios when this exception generates false negative signal:
  - stubbing the same method multiple times using 'given().will()' or 'when().then()' API
    Please use 'will().given()' or 'doReturn().when()' API for stubbing.
  - stubbed method is intentionally invoked with different arguments by code under test
    Please use default or 'silent' JUnit Rule (equivalent of Strictness.LENIENT).
For more information see javadoc for PotentialStubbingProblem class.
	at com.ntn.eventmanagement/com.ntn.services.UserServices.getUserByUsername(UserServices.java:21)
	at com.ntn.eventmanagement/com.ntn.services.LoginServices.login(LoginServices.java:37)
	at com.ntn.eventmanagement/com.ntn.testcase.LoginServicesTest.testUserNameStartEndSpace(LoginServicesTest.java:150)
	at java.base/java.lang.reflect.Method.invoke(Method.java:580)
	at java.base/java.util.ArrayList.forEach(ArrayList.java:1597)
	at java.base/java.util.ArrayList.forEach(ArrayList.java:1597)

com.ntn.testcase.LoginServicesTest.testBruteForceAttempts -- Time elapsed: 2.911 s <<< FAILURE!
org.opentest4j.AssertionFailedError: expected: <Tài khoản bị tạm khóa do đăng nhập sai quá số lần cho phép> but was: <SUCCESS:ADMIN>
	at org.junit.jupiter.api.AssertionFailureBuilder.build(AssertionFailureBuilder.java:151)
	at org.junit.jupiter.api.AssertionFailureBuilder.buildAndThrow(AssertionFailureBuilder.java:132)
	at org.junit.jupiter.api.AssertEquals.failNotEqual(AssertEquals.java:197)
	at org.junit.jupiter.api.AssertEquals.assertEquals(AssertEquals.java:182)
	at org.junit.jupiter.api.AssertEquals.assertEquals(AssertEquals.java:177)
	at org.junit.jupiter.api.Assertions.assertEquals(Assertions.java:1145)
	at com.ntn.eventmanagement/com.ntn.testcase.LoginServicesTest.testBruteForceAttempts(LoginServicesTest.java:205)
	at java.base/java.lang.reflect.Method.invoke(Method.java:580)
	at java.base/java.util.ArrayList.forEach(ArrayList.java:1597)
	at java.base/java.util.ArrayList.forEach(ArrayList.java:1597)

com.ntn.testcase.LoginServicesTest.testUserNameValidPasswordInvalid -- Time elapsed: 0.006 s <<< FAILURE!
org.opentest4j.AssertionFailedError: expected: <Password ít nhất là 6 kí tự, bắt đầu bằng 1 kí tự In hoa, thường, chữ số và kí tự đặc biệt> but was: <Bạn chưa có tài khoản !!>
	at org.junit.jupiter.api.AssertionFailureBuilder.build(AssertionFailureBuilder.java:151)
	at org.junit.jupiter.api.AssertionFailureBuilder.buildAndThrow(AssertionFailureBuilder.java:132)
	at org.junit.jupiter.api.AssertEquals.failNotEqual(AssertEquals.java:197)
	at org.junit.jupiter.api.AssertEquals.assertEquals(AssertEquals.java:182)
	at org.junit.jupiter.api.AssertEquals.assertEquals(AssertEquals.java:177)
	at org.junit.jupiter.api.Assertions.assertEquals(Assertions.java:1145)
	at com.ntn.eventmanagement/com.ntn.testcase.LoginServicesTest.testUserNameValidPasswordInvalid(LoginServicesTest.java:102)
	at java.base/java.lang.reflect.Method.invoke(Method.java:580)
	at java.base/java.util.ArrayList.forEach(ArrayList.java:1597)
	at java.base/java.util.ArrayList.forEach(ArrayList.java:1597)

com.ntn.testcase.LoginServicesTest.testUserDisable -- Time elapsed: 0.805 s <<< FAILURE!
org.opentest4j.AssertionFailedError: expected: <tài khoản đã bị khóa> but was: <SUCCESS:null>
	at org.junit.jupiter.api.AssertionFailureBuilder.build(AssertionFailureBuilder.java:151)
	at org.junit.jupiter.api.AssertionFailureBuilder.buildAndThrow(AssertionFailureBuilder.java:132)
	at org.junit.jupiter.api.AssertEquals.failNotEqual(AssertEquals.java:197)
	at org.junit.jupiter.api.AssertEquals.assertEquals(AssertEquals.java:182)
	at org.junit.jupiter.api.AssertEquals.assertEquals(AssertEquals.java:177)
	at org.junit.jupiter.api.Assertions.assertEquals(Assertions.java:1145)
	at com.ntn.eventmanagement/com.ntn.testcase.LoginServicesTest.testUserDisable(LoginServicesTest.java:77)
	at java.base/java.lang.reflect.Method.invoke(Method.java:580)
	at java.base/java.util.ArrayList.forEach(ArrayList.java:1597)
	at java.base/java.util.ArrayList.forEach(ArrayList.java:1597)

