<?xml version="1.0" encoding="UTF-8"?>
<testsuite xmlns:xsi="http://www.w3.org/2001/XMLSchema-instance" xsi:noNamespaceSchemaLocation="https://maven.apache.org/surefire/maven-surefire-plugin/xsd/surefire-test-report.xsd" name="com.ntn.testcase.EventTabServicesTester" time="6.797" tests="30" errors="0" skipped="0" failures="4">
  <properties>
[...]
</properties>
  <testcase name="testEventStartDateIsNull" classname="com.ntn.testcase.EventTabServicesTester" time="3.546"/>
  <testcase name="testCreateEventEqualEventExist{String, String, String, String}[1]" classname="com.ntn.testcase.EventTabServicesTester" time="1.435"/>
  <testcase name="testCreateEventEqualEventExist{String, String, String, String}[2]" classname="com.ntn.testcase.EventTabServicesTester" time="0.09"/>
  <testcase name="testCreateEventEqualEventExist{String, String, String, String}[3]" classname="com.ntn.testcase.EventTabServicesTester" time="0.094"/>
  <testcase name="testCreateEventEqualEventExist{String, String, String, String}[4]" classname="com.ntn.testcase.EventTabServicesTester" time="0.111"/>
  <testcase name="testCreateEventEqualEventExist{String, String, String, String}[5]" classname="com.ntn.testcase.EventTabServicesTester" time="0.073"/>
  <testcase name="testCreateEventEqualEventExist{String, String, String, String}[6]" classname="com.ntn.testcase.EventTabServicesTester" time="0.104">
    <failure message="expected: not &lt;null&gt;" type="org.opentest4j.AssertionFailedError"><![CDATA[org.opentest4j.AssertionFailedError: expected: not <null>
	at com.ntn.eventmanagement/com.ntn.testcase.EventTabServicesTester.testCreateEventEqualEventExist(EventTabServicesTester.java:382)
]]></failure>
    <system-out><![CDATA[Start: 2025-04-26 05:00:00.0 - End: 2025-04-26 06:59:00.0
]]></system-out>
  </testcase>
  <testcase name="testCreateEventEqualEventExist{String, String, String, String}[7]" classname="com.ntn.testcase.EventTabServicesTester" time="0.069">
    <failure message="expected: not &lt;null&gt;" type="org.opentest4j.AssertionFailedError"><![CDATA[org.opentest4j.AssertionFailedError: expected: not <null>
	at com.ntn.eventmanagement/com.ntn.testcase.EventTabServicesTester.testCreateEventEqualEventExist(EventTabServicesTester.java:382)
]]></failure>
    <system-out><![CDATA[Start: 2025-04-26 23:01:00.0 - End: 2025-04-26 23:59:00.0
]]></system-out>
  </testcase>
  <testcase name="testCreateEventEqualEventExist{String, String, String, String}[8]" classname="com.ntn.testcase.EventTabServicesTester" time="0.085"/>
  <testcase name="testCheckValidAction_whenEventIsValid" classname="com.ntn.testcase.EventTabServicesTester" time="0.018"/>
  <testcase name="testGetTicketTypes" classname="com.ntn.testcase.EventTabServicesTester" time="0.03"/>
  <testcase name="testEventStartTimeAndEndTimeInvalid{String, String}[1]" classname="com.ntn.testcase.EventTabServicesTester" time="0.041"/>
  <testcase name="testEventStartTimeAndEndTimeInvalid{String, String}[2]" classname="com.ntn.testcase.EventTabServicesTester" time="0.037">
    <failure message="expected: &lt;Giờ không hợp lệ! Vui lòng nhập đúng định dạng HH:mm.&gt; but was: &lt;Ngày và giờ bắt đầu phải lớn hơn ngày hiện tại&gt;" type="org.opentest4j.AssertionFailedError"><![CDATA[org.opentest4j.AssertionFailedError: expected: <Giờ không hợp lệ! Vui lòng nhập đúng định dạng HH:mm.> but was: <Ngày và giờ bắt đầu phải lớn hơn ngày hiện tại>
	at com.ntn.eventmanagement/com.ntn.testcase.EventTabServicesTester.testEventStartTimeAndEndTimeInvalid(EventTabServicesTester.java:303)
]]></failure>
  </testcase>
  <testcase name="testEventInPast" classname="com.ntn.testcase.EventTabServicesTester" time="0.009"/>
  <testcase name="testEventDisable" classname="com.ntn.testcase.EventTabServicesTester" time="0.009"/>
  <testcase name="testEventIsUpdateOR" classname="com.ntn.testcase.EventTabServicesTester" time="0.008"/>
  <testcase name="testEmptyFields{String, String, String, String, String, String, String}[1]" classname="com.ntn.testcase.EventTabServicesTester" time="0.182"/>
  <testcase name="testEmptyFields{String, String, String, String, String, String, String}[2]" classname="com.ntn.testcase.EventTabServicesTester" time="0.033"/>
  <testcase name="testEmptyFields{String, String, String, String, String, String, String}[3]" classname="com.ntn.testcase.EventTabServicesTester" time="0.005"/>
  <testcase name="testEmptyFields{String, String, String, String, String, String, String}[4]" classname="com.ntn.testcase.EventTabServicesTester" time="0.029"/>
  <testcase name="testEmptyFields{String, String, String, String, String, String, String}[5]" classname="com.ntn.testcase.EventTabServicesTester" time="0.022"/>
  <testcase name="testEmptyFields{String, String, String, String, String, String, String}[6]" classname="com.ntn.testcase.EventTabServicesTester" time="0.015"/>
  <testcase name="testEmptyFields{String, String, String, String, String, String, String}[7]" classname="com.ntn.testcase.EventTabServicesTester" time="0.007"/>
  <testcase name="testEmptyFields{String, String, String, String, String, String, String}[8]" classname="com.ntn.testcase.EventTabServicesTester" time="0"/>
  <testcase name="testEventExactly24hLeft" classname="com.ntn.testcase.EventTabServicesTester" time="0.008"/>
  <testcase name="testEventEndDateMoreThanStartDate" classname="com.ntn.testcase.EventTabServicesTester" time="0.015">
    <failure message="expected: &lt;Ngày và giờ kết thúc phải lớn hơn ngày bắt đầu&gt; but was: &lt;Ngày và giờ bắt đầu phải lớn hơn ngày hiện tại&gt;" type="org.opentest4j.AssertionFailedError"><![CDATA[org.opentest4j.AssertionFailedError: expected: <Ngày và giờ kết thúc phải lớn hơn ngày bắt đầu> but was: <Ngày và giờ bắt đầu phải lớn hơn ngày hiện tại>
	at com.ntn.eventmanagement/com.ntn.testcase.EventTabServicesTester.testEventEndDateMoreThanStartDate(EventTabServicesTester.java:357)
]]></failure>
  </testcase>
  <testcase name="testEventExpired" classname="com.ntn.testcase.EventTabServicesTester" time="0.004"/>
  <testcase name="testEventStartDateLessThanCurrentDay" classname="com.ntn.testcase.EventTabServicesTester" time="0.009"/>
  <testcase name="testGetEvents" classname="com.ntn.testcase.EventTabServicesTester" time="0.045"/>
  <testcase name="testGetVenues" classname="com.ntn.testcase.EventTabServicesTester" time="0.006"/>
</testsuite>