<?xml version="1.0" encoding="UTF-8"?>
<testsuite xmlns:xsi="http://www.w3.org/2001/XMLSchema-instance" xsi:noNamespaceSchemaLocation="https://maven.apache.org/surefire/maven-surefire-plugin/xsd/surefire-test-report-3.0.xsd" version="3.0" name="com.ntn.testcase.AddUserServicesTest" time="24.927" tests="41" errors="0" skipped="0" failures="7">
  <properties>
[...]
</properties>
  <testcase name="testSQLInjectionFromUsername" classname="com.ntn.testcase.AddUserServicesTest" time="9.849">
    <failure message="expected: &lt;Đăng kí thất bại&gt; but was: &lt;SUCCESS&gt;" type="org.opentest4j.AssertionFailedError"><![CDATA[org.opentest4j.AssertionFailedError: expected: <Đăng kí thất bại> but was: <SUCCESS>
	at org.junit.jupiter.api.AssertionFailureBuilder.build(AssertionFailureBuilder.java:151)
	at org.junit.jupiter.api.AssertionFailureBuilder.buildAndThrow(AssertionFailureBuilder.java:132)
	at org.junit.jupiter.api.AssertEquals.failNotEqual(AssertEquals.java:197)
	at org.junit.jupiter.api.AssertEquals.assertEquals(AssertEquals.java:182)
	at org.junit.jupiter.api.AssertEquals.assertEquals(AssertEquals.java:177)
	at org.junit.jupiter.api.Assertions.assertEquals(Assertions.java:1145)
	at com.ntn.eventmanagement/com.ntn.testcase.AddUserServicesTest.testSQLInjectionFromUsername(AddUserServicesTest.java:216)
	at java.base/java.lang.reflect.Method.invoke(Method.java:580)
	at java.base/java.util.ArrayList.forEach(ArrayList.java:1597)
	at java.base/java.util.ArrayList.forEach(ArrayList.java:1597)
]]></failure>
    <system-err><![CDATA[Mockito is currently self-attaching to enable the inline-mock-maker. This will no longer work in future releases of the JDK. Please add Mockito as an agent to your build what is described in Mockito's documentation: https://javadoc.io/doc/org.mockito/mockito-core/latest/org/mockito/Mockito.html#0.3
WARNING: A Java agent has been loaded dynamically (C:\Users\admin\.m2\repository\net\bytebuddy\byte-buddy-agent\1.15.4\byte-buddy-agent-1.15.4.jar)
WARNING: If a serviceability tool is in use, please run with -XX:+EnableDynamicAgentLoading to hide this warning
WARNING: If a serviceability tool is not in use, please run with -Djdk.instrument.traceUsage for more information
WARNING: Dynamic loading of agents will be disallowed by default in a future release
]]></system-err>
  </testcase>
  <testcase name="testApostropheInUsername" classname="com.ntn.testcase.AddUserServicesTest" time="0.743">
    <failure message="expected: &lt;Tên đăng kí không được chứa nháy đơn&gt; but was: &lt;SUCCESS&gt;" type="org.opentest4j.AssertionFailedError"><![CDATA[org.opentest4j.AssertionFailedError: expected: <Tên đăng kí không được chứa nháy đơn> but was: <SUCCESS>
	at org.junit.jupiter.api.AssertionFailureBuilder.build(AssertionFailureBuilder.java:151)
	at org.junit.jupiter.api.AssertionFailureBuilder.buildAndThrow(AssertionFailureBuilder.java:132)
	at org.junit.jupiter.api.AssertEquals.failNotEqual(AssertEquals.java:197)
	at org.junit.jupiter.api.AssertEquals.assertEquals(AssertEquals.java:182)
	at org.junit.jupiter.api.AssertEquals.assertEquals(AssertEquals.java:177)
	at org.junit.jupiter.api.Assertions.assertEquals(Assertions.java:1145)
	at com.ntn.eventmanagement/com.ntn.testcase.AddUserServicesTest.testApostropheInUsername(AddUserServicesTest.java:297)
	at java.base/java.lang.reflect.Method.invoke(Method.java:580)
	at java.base/java.util.ArrayList.forEach(ArrayList.java:1597)
	at java.base/java.util.ArrayList.forEach(ArrayList.java:1597)
]]></failure>
  </testcase>
  <testcase name="testDataNull" classname="com.ntn.testcase.AddUserServicesTest" time="0.077"/>
  <testcase name="testMultipleRegistrationsSameIP" classname="com.ntn.testcase.AddUserServicesTest" time="4.835">
    <failure message="expected: &lt;Bạn đã đăng ký quá số lần cho phép từ IP này&gt; but was: &lt;SUCCESS&gt;" type="org.opentest4j.AssertionFailedError"><![CDATA[org.opentest4j.AssertionFailedError: expected: <Bạn đã đăng ký quá số lần cho phép từ IP này> but was: <SUCCESS>
	at org.junit.jupiter.api.AssertionFailureBuilder.build(AssertionFailureBuilder.java:151)
	at org.junit.jupiter.api.AssertionFailureBuilder.buildAndThrow(AssertionFailureBuilder.java:132)
	at org.junit.jupiter.api.AssertEquals.failNotEqual(AssertEquals.java:197)
	at org.junit.jupiter.api.AssertEquals.assertEquals(AssertEquals.java:182)
	at org.junit.jupiter.api.AssertEquals.assertEquals(AssertEquals.java:177)
	at org.junit.jupiter.api.Assertions.assertEquals(Assertions.java:1145)
	at com.ntn.eventmanagement/com.ntn.testcase.AddUserServicesTest.testMultipleRegistrationsSameIP(AddUserServicesTest.java:242)
	at java.base/java.lang.reflect.Method.invoke(Method.java:580)
	at java.base/java.util.ArrayList.forEach(ArrayList.java:1597)
	at java.base/java.util.ArrayList.forEach(ArrayList.java:1597)
]]></failure>
  </testcase>
  <testcase name="testLongUsername" classname="com.ntn.testcase.AddUserServicesTest" time="1.267">
    <failure message="expected: &lt;Username quá dài&gt; but was: &lt;SUCCESS&gt;" type="org.opentest4j.AssertionFailedError"><![CDATA[org.opentest4j.AssertionFailedError: expected: <Username quá dài> but was: <SUCCESS>
	at org.junit.jupiter.api.AssertionFailureBuilder.build(AssertionFailureBuilder.java:151)
	at org.junit.jupiter.api.AssertionFailureBuilder.buildAndThrow(AssertionFailureBuilder.java:132)
	at org.junit.jupiter.api.AssertEquals.failNotEqual(AssertEquals.java:197)
	at org.junit.jupiter.api.AssertEquals.assertEquals(AssertEquals.java:182)
	at org.junit.jupiter.api.AssertEquals.assertEquals(AssertEquals.java:177)
	at org.junit.jupiter.api.Assertions.assertEquals(Assertions.java:1145)
	at com.ntn.eventmanagement/com.ntn.testcase.AddUserServicesTest.testLongUsername(AddUserServicesTest.java:265)
	at java.base/java.lang.reflect.Method.invoke(Method.java:580)
	at java.base/java.util.ArrayList.forEach(ArrayList.java:1597)
	at java.base/java.util.ArrayList.forEach(ArrayList.java:1597)
]]></failure>
  </testcase>
  <testcase name="testInvalidPasswordsOnly(String)[1]" classname="com.ntn.testcase.AddUserServicesTest" time="0.301"/>
  <testcase name="testInvalidPasswordsOnly(String)[2]" classname="com.ntn.testcase.AddUserServicesTest" time="0.013"/>
  <testcase name="testInvalidPasswordsOnly(String)[3]" classname="com.ntn.testcase.AddUserServicesTest" time="0.045"/>
  <testcase name="testInvalidPasswordsOnly(String)[4]" classname="com.ntn.testcase.AddUserServicesTest" time="0.047"/>
  <testcase name="testInvalidPasswordsOnly(String)[5]" classname="com.ntn.testcase.AddUserServicesTest" time="0.005"/>
  <testcase name="testInvalidPasswordsOnly(String)[6]" classname="com.ntn.testcase.AddUserServicesTest" time="0.085"/>
  <testcase name="testInvalidPasswordsOnly(String)[7]" classname="com.ntn.testcase.AddUserServicesTest" time="0.029"/>
  <testcase name="testRegisterUserSuccess" classname="com.ntn.testcase.AddUserServicesTest" time="1.36"/>
  <testcase name="testRegisterUserExist" classname="com.ntn.testcase.AddUserServicesTest" time="0.036"/>
  <testcase name="testEmptyFields(String, String, String, String, String, String)[1]" classname="com.ntn.testcase.AddUserServicesTest" time="0.122"/>
  <testcase name="testEmptyFields(String, String, String, String, String, String)[2]" classname="com.ntn.testcase.AddUserServicesTest" time="0.019"/>
  <testcase name="testEmptyFields(String, String, String, String, String, String)[3]" classname="com.ntn.testcase.AddUserServicesTest" time="0.012"/>
  <testcase name="testEmptyFields(String, String, String, String, String, String)[4]" classname="com.ntn.testcase.AddUserServicesTest" time="0.045"/>
  <testcase name="testEmptyFields(String, String, String, String, String, String)[5]" classname="com.ntn.testcase.AddUserServicesTest" time="0.006"/>
  <testcase name="testEmptyFields(String, String, String, String, String, String)[6]" classname="com.ntn.testcase.AddUserServicesTest" time="0.009"/>
  <testcase name="testInvalidEmails(String)[1]" classname="com.ntn.testcase.AddUserServicesTest" time="0.005"/>
  <testcase name="testInvalidEmails(String)[2]" classname="com.ntn.testcase.AddUserServicesTest" time="0.004"/>
  <testcase name="testInvalidEmails(String)[3]" classname="com.ntn.testcase.AddUserServicesTest" time="0.039"/>
  <testcase name="testInvalidEmails(String)[4]" classname="com.ntn.testcase.AddUserServicesTest" time="0.007"/>
  <testcase name="testInvalidEmails(String)[5]" classname="com.ntn.testcase.AddUserServicesTest" time="0.928">
    <failure message="expected: &lt;Sai định dạng email.. EX: example@gmail.com&gt; but was: &lt;Đăng kí thất bại&gt;" type="org.opentest4j.AssertionFailedError"><![CDATA[org.opentest4j.AssertionFailedError: expected: <Sai định dạng email.. EX: example@gmail.com> but was: <Đăng kí thất bại>
	at org.junit.jupiter.api.AssertionFailureBuilder.build(AssertionFailureBuilder.java:151)
	at org.junit.jupiter.api.AssertionFailureBuilder.buildAndThrow(AssertionFailureBuilder.java:132)
	at org.junit.jupiter.api.AssertEquals.failNotEqual(AssertEquals.java:197)
	at org.junit.jupiter.api.AssertEquals.assertEquals(AssertEquals.java:182)
	at org.junit.jupiter.api.AssertEquals.assertEquals(AssertEquals.java:177)
	at org.junit.jupiter.api.Assertions.assertEquals(Assertions.java:1145)
	at com.ntn.eventmanagement/com.ntn.testcase.AddUserServicesTest.testInvalidEmails(AddUserServicesTest.java:121)
	at java.base/java.lang.reflect.Method.invoke(Method.java:580)
	at java.base/java.util.stream.ForEachOps$ForEachOp$OfRef.accept(ForEachOps.java:184)
	at java.base/java.util.stream.ReferencePipeline$3$1.accept(ReferencePipeline.java:215)
	at java.base/java.util.stream.ReferencePipeline$2$1.accept(ReferencePipeline.java:197)
	at java.base/java.util.stream.ReferencePipeline$3$1.accept(ReferencePipeline.java:215)
	at java.base/java.util.stream.ForEachOps$ForEachOp$OfRef.accept(ForEachOps.java:184)
	at java.base/java.util.stream.ReferencePipeline$3$1.accept(ReferencePipeline.java:215)
	at java.base/java.util.stream.ReferencePipeline$3$1.accept(ReferencePipeline.java:215)
	at java.base/java.util.stream.ReferencePipeline$3$1.accept(ReferencePipeline.java:215)
	at java.base/java.util.ArrayList$ArrayListSpliterator.forEachRemaining(ArrayList.java:1709)
	at java.base/java.util.stream.ReferencePipeline$Head.forEach(ReferencePipeline.java:807)
	at java.base/java.util.stream.ReferencePipeline$7$1FlatMap.accept(ReferencePipeline.java:294)
	at java.base/java.util.stream.ReferencePipeline$3$1.accept(ReferencePipeline.java:215)
	at java.base/java.util.stream.ReferencePipeline$3$1.accept(ReferencePipeline.java:215)
	at java.base/java.util.stream.ReferencePipeline$3$1.accept(ReferencePipeline.java:215)
	at java.base/java.util.ArrayList$ArrayListSpliterator.forEachRemaining(ArrayList.java:1709)
	at java.base/java.util.stream.AbstractPipeline.copyInto(AbstractPipeline.java:570)
	at java.base/java.util.stream.AbstractPipeline.wrapAndCopyInto(AbstractPipeline.java:560)
	at java.base/java.util.stream.ForEachOps$ForEachOp.evaluateSequential(ForEachOps.java:151)
	at java.base/java.util.stream.ForEachOps$ForEachOp$OfRef.evaluateSequential(ForEachOps.java:174)
	at java.base/java.util.stream.AbstractPipeline.evaluate(AbstractPipeline.java:265)
	at java.base/java.util.stream.ReferencePipeline.forEach(ReferencePipeline.java:636)
	at java.base/java.util.stream.ReferencePipeline$7$1FlatMap.accept(ReferencePipeline.java:294)
	at java.base/java.util.ArrayList$ArrayListSpliterator.forEachRemaining(ArrayList.java:1709)
	at java.base/java.util.stream.AbstractPipeline.copyInto(AbstractPipeline.java:570)
	at java.base/java.util.stream.AbstractPipeline.wrapAndCopyInto(AbstractPipeline.java:560)
	at java.base/java.util.stream.ForEachOps$ForEachOp.evaluateSequential(ForEachOps.java:151)
	at java.base/java.util.stream.ForEachOps$ForEachOp$OfRef.evaluateSequential(ForEachOps.java:174)
	at java.base/java.util.stream.AbstractPipeline.evaluate(AbstractPipeline.java:265)
	at java.base/java.util.stream.ReferencePipeline.forEach(ReferencePipeline.java:636)
	at java.base/java.util.ArrayList.forEach(ArrayList.java:1597)
	at java.base/java.util.ArrayList.forEach(ArrayList.java:1597)
]]></failure>
  </testcase>
  <testcase name="testInvalidEmails(String)[6]" classname="com.ntn.testcase.AddUserServicesTest" time="0.114"/>
  <testcase name="testInvalidEmails(String)[7]" classname="com.ntn.testcase.AddUserServicesTest" time="0.047"/>
  <testcase name="testInvalidEmails(String)[8]" classname="com.ntn.testcase.AddUserServicesTest" time="0.027"/>
  <testcase name="testInvalidEmails(String)[9]" classname="com.ntn.testcase.AddUserServicesTest" time="0.05"/>
  <testcase name="testInvalidEmails(String)[10]" classname="com.ntn.testcase.AddUserServicesTest" time="0.665">
    <failure message="expected: &lt;Sai định dạng email.. EX: example@gmail.com&gt; but was: &lt;Đăng kí thất bại&gt;" type="org.opentest4j.AssertionFailedError"><![CDATA[org.opentest4j.AssertionFailedError: expected: <Sai định dạng email.. EX: example@gmail.com> but was: <Đăng kí thất bại>
	at org.junit.jupiter.api.AssertionFailureBuilder.build(AssertionFailureBuilder.java:151)
	at org.junit.jupiter.api.AssertionFailureBuilder.buildAndThrow(AssertionFailureBuilder.java:132)
	at org.junit.jupiter.api.AssertEquals.failNotEqual(AssertEquals.java:197)
	at org.junit.jupiter.api.AssertEquals.assertEquals(AssertEquals.java:182)
	at org.junit.jupiter.api.AssertEquals.assertEquals(AssertEquals.java:177)
	at org.junit.jupiter.api.Assertions.assertEquals(Assertions.java:1145)
	at com.ntn.eventmanagement/com.ntn.testcase.AddUserServicesTest.testInvalidEmails(AddUserServicesTest.java:121)
	at java.base/java.lang.reflect.Method.invoke(Method.java:580)
	at java.base/java.util.stream.ForEachOps$ForEachOp$OfRef.accept(ForEachOps.java:184)
	at java.base/java.util.stream.ReferencePipeline$3$1.accept(ReferencePipeline.java:215)
	at java.base/java.util.stream.ReferencePipeline$2$1.accept(ReferencePipeline.java:197)
	at java.base/java.util.stream.ReferencePipeline$3$1.accept(ReferencePipeline.java:215)
	at java.base/java.util.stream.ForEachOps$ForEachOp$OfRef.accept(ForEachOps.java:184)
	at java.base/java.util.stream.ReferencePipeline$3$1.accept(ReferencePipeline.java:215)
	at java.base/java.util.stream.ReferencePipeline$3$1.accept(ReferencePipeline.java:215)
	at java.base/java.util.stream.ReferencePipeline$3$1.accept(ReferencePipeline.java:215)
	at java.base/java.util.ArrayList$ArrayListSpliterator.forEachRemaining(ArrayList.java:1709)
	at java.base/java.util.stream.ReferencePipeline$Head.forEach(ReferencePipeline.java:807)
	at java.base/java.util.stream.ReferencePipeline$7$1FlatMap.accept(ReferencePipeline.java:294)
	at java.base/java.util.stream.ReferencePipeline$3$1.accept(ReferencePipeline.java:215)
	at java.base/java.util.stream.ReferencePipeline$3$1.accept(ReferencePipeline.java:215)
	at java.base/java.util.stream.ReferencePipeline$3$1.accept(ReferencePipeline.java:215)
	at java.base/java.util.ArrayList$ArrayListSpliterator.forEachRemaining(ArrayList.java:1709)
	at java.base/java.util.stream.AbstractPipeline.copyInto(AbstractPipeline.java:570)
	at java.base/java.util.stream.AbstractPipeline.wrapAndCopyInto(AbstractPipeline.java:560)
	at java.base/java.util.stream.ForEachOps$ForEachOp.evaluateSequential(ForEachOps.java:151)
	at java.base/java.util.stream.ForEachOps$ForEachOp$OfRef.evaluateSequential(ForEachOps.java:174)
	at java.base/java.util.stream.AbstractPipeline.evaluate(AbstractPipeline.java:265)
	at java.base/java.util.stream.ReferencePipeline.forEach(ReferencePipeline.java:636)
	at java.base/java.util.stream.ReferencePipeline$7$1FlatMap.accept(ReferencePipeline.java:294)
	at java.base/java.util.ArrayList$ArrayListSpliterator.forEachRemaining(ArrayList.java:1709)
	at java.base/java.util.stream.AbstractPipeline.copyInto(AbstractPipeline.java:570)
	at java.base/java.util.stream.AbstractPipeline.wrapAndCopyInto(AbstractPipeline.java:560)
	at java.base/java.util.stream.ForEachOps$ForEachOp.evaluateSequential(ForEachOps.java:151)
	at java.base/java.util.stream.ForEachOps$ForEachOp$OfRef.evaluateSequential(ForEachOps.java:174)
	at java.base/java.util.stream.AbstractPipeline.evaluate(AbstractPipeline.java:265)
	at java.base/java.util.stream.ReferencePipeline.forEach(ReferencePipeline.java:636)
	at java.base/java.util.ArrayList.forEach(ArrayList.java:1597)
	at java.base/java.util.ArrayList.forEach(ArrayList.java:1597)
]]></failure>
  </testcase>
  <testcase name="testInvalidPhoneNumbers(String)[1]" classname="com.ntn.testcase.AddUserServicesTest" time="0.967">
    <failure message="expected: &lt;Sai định dạng sdt ... EX: +8401010, 098.... gồm 9-15 kí tự&gt; but was: &lt;Đăng kí thất bại&gt;" type="org.opentest4j.AssertionFailedError"><![CDATA[org.opentest4j.AssertionFailedError: expected: <Sai định dạng sdt ... EX: +8401010, 098.... gồm 9-15 kí tự> but was: <Đăng kí thất bại>
	at org.junit.jupiter.api.AssertionFailureBuilder.build(AssertionFailureBuilder.java:151)
	at org.junit.jupiter.api.AssertionFailureBuilder.buildAndThrow(AssertionFailureBuilder.java:132)
	at org.junit.jupiter.api.AssertEquals.failNotEqual(AssertEquals.java:197)
	at org.junit.jupiter.api.AssertEquals.assertEquals(AssertEquals.java:182)
	at org.junit.jupiter.api.AssertEquals.assertEquals(AssertEquals.java:177)
	at org.junit.jupiter.api.Assertions.assertEquals(Assertions.java:1145)
	at com.ntn.eventmanagement/com.ntn.testcase.AddUserServicesTest.testInvalidPhoneNumbers(AddUserServicesTest.java:151)
	at java.base/java.lang.reflect.Method.invoke(Method.java:580)
	at java.base/java.util.stream.ForEachOps$ForEachOp$OfRef.accept(ForEachOps.java:184)
	at java.base/java.util.stream.ReferencePipeline$3$1.accept(ReferencePipeline.java:215)
	at java.base/java.util.stream.ReferencePipeline$2$1.accept(ReferencePipeline.java:197)
	at java.base/java.util.stream.ReferencePipeline$3$1.accept(ReferencePipeline.java:215)
	at java.base/java.util.stream.ForEachOps$ForEachOp$OfRef.accept(ForEachOps.java:184)
	at java.base/java.util.stream.ReferencePipeline$3$1.accept(ReferencePipeline.java:215)
	at java.base/java.util.stream.ReferencePipeline$3$1.accept(ReferencePipeline.java:215)
	at java.base/java.util.stream.ReferencePipeline$3$1.accept(ReferencePipeline.java:215)
	at java.base/java.util.ArrayList$ArrayListSpliterator.forEachRemaining(ArrayList.java:1709)
	at java.base/java.util.stream.ReferencePipeline$Head.forEach(ReferencePipeline.java:807)
	at java.base/java.util.stream.ReferencePipeline$7$1FlatMap.accept(ReferencePipeline.java:294)
	at java.base/java.util.stream.ReferencePipeline$3$1.accept(ReferencePipeline.java:215)
	at java.base/java.util.stream.ReferencePipeline$3$1.accept(ReferencePipeline.java:215)
	at java.base/java.util.stream.ReferencePipeline$3$1.accept(ReferencePipeline.java:215)
	at java.base/java.util.ArrayList$ArrayListSpliterator.forEachRemaining(ArrayList.java:1709)
	at java.base/java.util.stream.AbstractPipeline.copyInto(AbstractPipeline.java:570)
	at java.base/java.util.stream.AbstractPipeline.wrapAndCopyInto(AbstractPipeline.java:560)
	at java.base/java.util.stream.ForEachOps$ForEachOp.evaluateSequential(ForEachOps.java:151)
	at java.base/java.util.stream.ForEachOps$ForEachOp$OfRef.evaluateSequential(ForEachOps.java:174)
	at java.base/java.util.stream.AbstractPipeline.evaluate(AbstractPipeline.java:265)
	at java.base/java.util.stream.ReferencePipeline.forEach(ReferencePipeline.java:636)
	at java.base/java.util.stream.ReferencePipeline$7$1FlatMap.accept(ReferencePipeline.java:294)
	at java.base/java.util.ArrayList$ArrayListSpliterator.forEachRemaining(ArrayList.java:1709)
	at java.base/java.util.stream.AbstractPipeline.copyInto(AbstractPipeline.java:570)
	at java.base/java.util.stream.AbstractPipeline.wrapAndCopyInto(AbstractPipeline.java:560)
	at java.base/java.util.stream.ForEachOps$ForEachOp.evaluateSequential(ForEachOps.java:151)
	at java.base/java.util.stream.ForEachOps$ForEachOp$OfRef.evaluateSequential(ForEachOps.java:174)
	at java.base/java.util.stream.AbstractPipeline.evaluate(AbstractPipeline.java:265)
	at java.base/java.util.stream.ReferencePipeline.forEach(ReferencePipeline.java:636)
	at java.base/java.util.ArrayList.forEach(ArrayList.java:1597)
	at java.base/java.util.ArrayList.forEach(ArrayList.java:1597)
]]></failure>
  </testcase>
  <testcase name="testInvalidPhoneNumbers(String)[2]" classname="com.ntn.testcase.AddUserServicesTest" time="0.069"/>
  <testcase name="testInvalidPhoneNumbers(String)[3]" classname="com.ntn.testcase.AddUserServicesTest" time="0.028"/>
  <testcase name="testInvalidPhoneNumbers(String)[4]" classname="com.ntn.testcase.AddUserServicesTest" time="0.071"/>
  <testcase name="testInvalidPhoneNumbers(String)[5]" classname="com.ntn.testcase.AddUserServicesTest" time="0.031"/>
  <testcase name="testInvalidPhoneNumbers(String)[6]" classname="com.ntn.testcase.AddUserServicesTest" time="0.02"/>
  <testcase name="testInvalidPhoneNumbers(String)[7]" classname="com.ntn.testcase.AddUserServicesTest" time="0.007"/>
  <testcase name="testInvalidPhoneNumbers(String)[8]" classname="com.ntn.testcase.AddUserServicesTest" time="0.009"/>
  <testcase name="testInvalidPhoneNumbers(String)[9]" classname="com.ntn.testcase.AddUserServicesTest" time="0.007"/>
  <testcase name="testInvalidPhoneNumbers(String)[10]" classname="com.ntn.testcase.AddUserServicesTest" time="0.003"/>
  <testcase name="testAddUserFailureFromDB" classname="com.ntn.testcase.AddUserServicesTest" time="1.518"/>
</testsuite>