<?xml version="1.0" encoding="UTF-8"?>
<testsuite xmlns:xsi="http://www.w3.org/2001/XMLSchema-instance" xsi:noNamespaceSchemaLocation="https://maven.apache.org/surefire/maven-surefire-plugin/xsd/surefire-test-report.xsd" name="com.ntn.testcase.EventTabServicesTest" time="2.098" tests="1" errors="0" skipped="0" failures="1">
  <properties>
[...]
</properties>
  <testcase name="testSearchDatabaseCallCountWithDebounce" classname="com.ntn.testcase.EventTabServicesTest" time="1.732">
    <failure message="&#10;eventServices.getEvents(&#10;    0,&#10;    &lt;Capturing argument: String&gt;&#10;);&#10;Wanted 1 time:&#10;-&gt; at com.ntn.eventmanagement/com.ntn.services.EventServices.getEvents(EventServices.java:31)&#10;But was 3 times:&#10;-&gt; at com.ntn.eventmanagement/com.ntn.testcase.EventTabServicesTest.testSearchDatabaseCallCountWithDebounce(EventTabServicesTest.java:884)&#10;-&gt; at com.ntn.eventmanagement/com.ntn.testcase.EventTabServicesTest.testSearchDatabaseCallCountWithDebounce(EventTabServicesTest.java:885)&#10;-&gt; at com.ntn.eventmanagement/com.ntn.testcase.EventTabServicesTest.testSearchDatabaseCallCountWithDebounce(EventTabServicesTest.java:886)&#10;&#10;" type="org.mockito.exceptions.verification.TooManyActualInvocations"><![CDATA[org.mockito.exceptions.verification.TooManyActualInvocations: 

eventServices.getEvents(
    0,
    <Capturing argument: String>
);
Wanted 1 time:
-> at com.ntn.eventmanagement/com.ntn.services.EventServices.getEvents(EventServices.java:31)
But was 3 times:
-> at com.ntn.eventmanagement/com.ntn.testcase.EventTabServicesTest.testSearchDatabaseCallCountWithDebounce(EventTabServicesTest.java:884)
-> at com.ntn.eventmanagement/com.ntn.testcase.EventTabServicesTest.testSearchDatabaseCallCountWithDebounce(EventTabServicesTest.java:885)
-> at com.ntn.eventmanagement/com.ntn.testcase.EventTabServicesTest.testSearchDatabaseCallCountWithDebounce(EventTabServicesTest.java:886)


	at com.ntn.eventmanagement/com.ntn.testcase.EventTabServicesTest.testSearchDatabaseCallCountWithDebounce(EventTabServicesTest.java:892)
]]></failure>
    <system-err><![CDATA[Mockito is currently self-attaching to enable the inline-mock-maker. This will no longer work in future releases of the JDK. Please add Mockito as an agent to your build what is described in Mockito's documentation: https://javadoc.io/doc/org.mockito/mockito-core/latest/org/mockito/Mockito.html#0.3
WARNING: A Java agent has been loaded dynamically (C:\Users\NHAT\.m2\repository\net\bytebuddy\byte-buddy-agent\1.15.4\byte-buddy-agent-1.15.4.jar)
WARNING: If a serviceability tool is in use, please run with -XX:+EnableDynamicAgentLoading to hide this warning
WARNING: If a serviceability tool is not in use, please run with -Djdk.instrument.traceUsage for more information
WARNING: Dynamic loading of agents will be disallowed by default in a future release
]]></system-err>
  </testcase>
</testsuite>