<?xml version="1.0" encoding="UTF-8"?>
<testsuite xmlns:xsi="http://www.w3.org/2001/XMLSchema-instance" xsi:noNamespaceSchemaLocation="https://maven.apache.org/surefire/maven-surefire-plugin/xsd/surefire-test-report-3.0.xsd" version="3.0" name="com.ntn.testcase.NotificationTabServicesTest" time="8.034" tests="9" errors="0" skipped="0" failures="1">
  <properties>
[...]
</properties>
  <testcase name="testCheckUserReceiveNoti" classname="com.ntn.testcase.NotificationTabServicesTest" time="4.976">
    <system-err><![CDATA[Mockito is currently self-attaching to enable the inline-mock-maker. This will no longer work in future releases of the JDK. Please add Mockito as an agent to your build what is described in Mockito's documentation: https://javadoc.io/doc/org.mockito/mockito-core/latest/org/mockito/Mockito.html#0.3
WARNING: A Java agent has been loaded dynamically (C:\Users\admin\.m2\repository\net\bytebuddy\byte-buddy-agent\1.15.4\byte-buddy-agent-1.15.4.jar)
WARNING: If a serviceability tool is in use, please run with -XX:+EnableDynamicAgentLoading to hide this warning
WARNING: If a serviceability tool is not in use, please run with -Djdk.instrument.traceUsage for more information
WARNING: Dynamic loading of agents will be disallowed by default in a future release
]]></system-err>
  </testcase>
  <testcase name="testReminderAlreadySent" classname="com.ntn.testcase.NotificationTabServicesTest" time="0.053"/>
  <testcase name="testSendTwoNotificationsQuicklyBlockedByLogic" classname="com.ntn.testcase.NotificationTabServicesTest" time="0.08">
    <failure message="Lần gửi thứ 3 nên bị chặn do gửi quá nhanh ==&gt; expected: &lt;false&gt; but was: &lt;true&gt;" type="org.opentest4j.AssertionFailedError"><![CDATA[org.opentest4j.AssertionFailedError: Lần gửi thứ 3 nên bị chặn do gửi quá nhanh ==> expected: <false> but was: <true>
	at org.junit.jupiter.api.AssertionFailureBuilder.build(AssertionFailureBuilder.java:151)
	at org.junit.jupiter.api.AssertionFailureBuilder.buildAndThrow(AssertionFailureBuilder.java:132)
	at org.junit.jupiter.api.AssertFalse.failNotFalse(AssertFalse.java:63)
	at org.junit.jupiter.api.AssertFalse.assertFalse(AssertFalse.java:36)
	at org.junit.jupiter.api.Assertions.assertFalse(Assertions.java:239)
	at com.ntn.eventmanagement/com.ntn.testcase.NotificationTabServicesTest.testSendTwoNotificationsQuicklyBlockedByLogic(NotificationTabServicesTest.java:274)
	at java.base/java.lang.reflect.Method.invoke(Method.java:580)
	at java.base/java.util.ArrayList.forEach(ArrayList.java:1597)
	at java.base/java.util.ArrayList.forEach(ArrayList.java:1597)
]]></failure>
  </testcase>
  <testcase name="testSendNotification" classname="com.ntn.testcase.NotificationTabServicesTest" time="0.027"/>
  <testcase name="testNoticesHistory" classname="com.ntn.testcase.NotificationTabServicesTest" time="0.031"/>
  <testcase name="testSendNotification_NoRegistrations" classname="com.ntn.testcase.NotificationTabServicesTest" time="0.027"/>
  <testcase name="testSendNotification_Success" classname="com.ntn.testcase.NotificationTabServicesTest" time="2.544"/>
  <testcase name="testEventNoNotification" classname="com.ntn.testcase.NotificationTabServicesTest" time="0.027"/>
  <testcase name="testAutoReminderNotification" classname="com.ntn.testcase.NotificationTabServicesTest" time="0.019"/>
</testsuite>